
Circuit 1 cell sky130_fd_pr__pfet_01v8_hvt and Circuit 2 cell sky130_fd_pr__pfet_01v8_hvt are black boxes.
Warning: Equate pins:  cell sky130_fd_pr__pfet_01v8_hvt is a placeholder, treated as a black box.
Warning: Equate pins:  cell sky130_fd_pr__pfet_01v8_hvt is a placeholder, treated as a black box.

Subcircuit pins:
Circuit 1: sky130_fd_pr__pfet_01v8_hvt     |Circuit 2: sky130_fd_pr__pfet_01v8_hvt     
-------------------------------------------|-------------------------------------------
1                                          |1                                          
2                                          |2                                          
3                                          |3                                          
4                                          |4                                          
---------------------------------------------------------------------------------------
Cell pin lists are equivalent.
Device classes sky130_fd_pr__pfet_01v8_hvt and sky130_fd_pr__pfet_01v8_hvt are equivalent.

Circuit 1 cell sky130_fd_pr__nfet_01v8 and Circuit 2 cell sky130_fd_pr__nfet_01v8 are black boxes.
Warning: Equate pins:  cell sky130_fd_pr__nfet_01v8 is a placeholder, treated as a black box.
Warning: Equate pins:  cell sky130_fd_pr__nfet_01v8 is a placeholder, treated as a black box.

Subcircuit pins:
Circuit 1: sky130_fd_pr__nfet_01v8         |Circuit 2: sky130_fd_pr__nfet_01v8         
-------------------------------------------|-------------------------------------------
1                                          |1                                          
2                                          |2                                          
3                                          |3                                          
4                                          |4                                          
---------------------------------------------------------------------------------------
Cell pin lists are equivalent.
Device classes sky130_fd_pr__nfet_01v8 and sky130_fd_pr__nfet_01v8 are equivalent.

Circuit 1 cell sky130_fd_pr__special_nfet_01v8 and Circuit 2 cell sky130_fd_pr__special_nfet_01v8 are black boxes.
Warning: Equate pins:  cell sky130_fd_pr__special_nfet_01v8 is a placeholder, treated as a black box.
Warning: Equate pins:  cell sky130_fd_pr__special_nfet_01v8 is a placeholder, treated as a black box.

Subcircuit pins:
Circuit 1: sky130_fd_pr__special_nfet_01v8 |Circuit 2: sky130_fd_pr__special_nfet_01v8 
-------------------------------------------|-------------------------------------------
1                                          |1                                          
2                                          |2                                          
3                                          |3                                          
4                                          |4                                          
---------------------------------------------------------------------------------------
Cell pin lists are equivalent.
Device classes sky130_fd_pr__special_nfet_01v8 and sky130_fd_pr__special_nfet_01v8 are equivalent.

Circuit 1 cell sky130_fd_pr__pfet_01v8 and Circuit 2 cell sky130_fd_pr__pfet_01v8 are black boxes.
Warning: Equate pins:  cell sky130_fd_pr__pfet_01v8 is a placeholder, treated as a black box.
Warning: Equate pins:  cell sky130_fd_pr__pfet_01v8 is a placeholder, treated as a black box.

Subcircuit pins:
Circuit 1: sky130_fd_pr__pfet_01v8         |Circuit 2: sky130_fd_pr__pfet_01v8         
-------------------------------------------|-------------------------------------------
1                                          |1                                          
2                                          |2                                          
3                                          |3                                          
4                                          |4                                          
---------------------------------------------------------------------------------------
Cell pin lists are equivalent.
Device classes sky130_fd_pr__pfet_01v8 and sky130_fd_pr__pfet_01v8 are equivalent.

Circuit 1 cell sky130_fd_pr__nfet_g5v0d10v5 and Circuit 2 cell sky130_fd_pr__nfet_g5v0d10v5 are black boxes.
Warning: Equate pins:  cell sky130_fd_pr__nfet_g5v0d10v5 is a placeholder, treated as a black box.
Warning: Equate pins:  cell sky130_fd_pr__nfet_g5v0d10v5 is a placeholder, treated as a black box.

Subcircuit pins:
Circuit 1: sky130_fd_pr__nfet_g5v0d10v5    |Circuit 2: sky130_fd_pr__nfet_g5v0d10v5    
-------------------------------------------|-------------------------------------------
1                                          |1                                          
2                                          |2                                          
3                                          |3                                          
4                                          |4                                          
---------------------------------------------------------------------------------------
Cell pin lists are equivalent.
Device classes sky130_fd_pr__nfet_g5v0d10v5 and sky130_fd_pr__nfet_g5v0d10v5 are equivalent.

Circuit 1 cell sky130_fd_pr__pfet_g5v0d10v5 and Circuit 2 cell sky130_fd_pr__pfet_g5v0d10v5 are black boxes.
Warning: Equate pins:  cell sky130_fd_pr__pfet_g5v0d10v5 is a placeholder, treated as a black box.
Warning: Equate pins:  cell sky130_fd_pr__pfet_g5v0d10v5 is a placeholder, treated as a black box.

Subcircuit pins:
Circuit 1: sky130_fd_pr__pfet_g5v0d10v5    |Circuit 2: sky130_fd_pr__pfet_g5v0d10v5    
-------------------------------------------|-------------------------------------------
1                                          |1                                          
2                                          |2                                          
3                                          |3                                          
4                                          |4                                          
---------------------------------------------------------------------------------------
Cell pin lists are equivalent.
Device classes sky130_fd_pr__pfet_g5v0d10v5 and sky130_fd_pr__pfet_g5v0d10v5 are equivalent.

Subcircuit summary:
Circuit 1: sky130_fd_sc_hd__and2_0         |Circuit 2: sky130_fd_sc_hd__and2_0         
-------------------------------------------|-------------------------------------------
sky130_fd_pr__pfet_01v8_hvt (3)            |sky130_fd_pr__pfet_01v8_hvt (3)            
sky130_fd_pr__nfet_01v8 (3)                |sky130_fd_pr__nfet_01v8 (3)                
Number of devices: 6                       |Number of devices: 6                       
Number of nets: 9                          |Number of nets: 9                          
---------------------------------------------------------------------------------------
Netlists match uniquely.

Subcircuit pins:
Circuit 1: sky130_fd_sc_hd__and2_0         |Circuit 2: sky130_fd_sc_hd__and2_0         
-------------------------------------------|-------------------------------------------
B                                          |B                                          
VGND                                       |VGND                                       
A                                          |A                                          
X                                          |X                                          
VPWR                                       |VPWR                                       
VPB                                        |VPB                                        
VNB                                        |VNB                                        
---------------------------------------------------------------------------------------
Cell pin lists are equivalent.
Device classes sky130_fd_sc_hd__and2_0 and sky130_fd_sc_hd__and2_0 are equivalent.

Subcircuit summary:
Circuit 1: sky130_fd_sc_hd__dfrbp_1        |Circuit 2: sky130_fd_sc_hd__dfrbp_1        
-------------------------------------------|-------------------------------------------
sky130_fd_pr__pfet_01v8_hvt (16)           |sky130_fd_pr__pfet_01v8_hvt (16)           
sky130_fd_pr__nfet_01v8 (12)               |sky130_fd_pr__nfet_01v8 (12)               
sky130_fd_pr__special_nfet_01v8 (4)        |sky130_fd_pr__special_nfet_01v8 (4)        
Number of devices: 32                      |Number of devices: 32                      
Number of nets: 23                         |Number of nets: 23                         
---------------------------------------------------------------------------------------
Netlists match uniquely.

Subcircuit pins:
Circuit 1: sky130_fd_sc_hd__dfrbp_1        |Circuit 2: sky130_fd_sc_hd__dfrbp_1        
-------------------------------------------|-------------------------------------------
VGND                                       |VGND                                       
RESET_B                                    |RESET_B                                    
VPB                                        |VPB                                        
VNB                                        |VNB                                        
VPWR                                       |VPWR                                       
Q_N                                        |Q_N                                        
D                                          |D                                          
Q                                          |Q                                          
CLK                                        |CLK                                        
---------------------------------------------------------------------------------------
Cell pin lists are equivalent.
Device classes sky130_fd_sc_hd__dfrbp_1 and sky130_fd_sc_hd__dfrbp_1 are equivalent.

Circuit 1 cell sky130_fd_pr__res_xhigh_po_0p35 and Circuit 2 cell sky130_fd_pr__res_xhigh_po_0p35 are black boxes.
Warning: Equate pins:  cell sky130_fd_pr__res_xhigh_po_0p35 is a placeholder, treated as a black box.
Warning: Equate pins:  cell sky130_fd_pr__res_xhigh_po_0p35 is a placeholder, treated as a black box.

Subcircuit pins:
Circuit 1: sky130_fd_pr__res_xhigh_po_0p35 |Circuit 2: sky130_fd_pr__res_xhigh_po_0p35 
-------------------------------------------|-------------------------------------------
1                                          |1                                          
2                                          |2                                          
3                                          |3                                          
---------------------------------------------------------------------------------------
Cell pin lists are equivalent.
Device classes sky130_fd_pr__res_xhigh_po_0p35 and sky130_fd_pr__res_xhigh_po_0p35 are equivalent.

Circuit 1 cell sky130_fd_pr__diode_pw2nd_05v5 and Circuit 2 cell sky130_fd_pr__diode_pw2nd_05v5 are black boxes.
Warning: Equate pins:  cell sky130_fd_pr__diode_pw2nd_05v5 is a placeholder, treated as a black box.
Warning: Equate pins:  cell sky130_fd_pr__diode_pw2nd_05v5 is a placeholder, treated as a black box.

Subcircuit pins:
Circuit 1: sky130_fd_pr__diode_pw2nd_05v5  |Circuit 2: sky130_fd_pr__diode_pw2nd_05v5  
-------------------------------------------|-------------------------------------------
1                                          |1                                          
2                                          |2                                          
---------------------------------------------------------------------------------------
Cell pin lists are equivalent.
Device classes sky130_fd_pr__diode_pw2nd_05v5 and sky130_fd_pr__diode_pw2nd_05v5 are equivalent.

Subcircuit summary:
Circuit 1: ripple_dly_4                    |Circuit 2: ripple_dly_4                    
-------------------------------------------|-------------------------------------------
sky130_fd_sc_hd__and2_0 (1)                |sky130_fd_sc_hd__and2_0 (1)                
sky130_fd_sc_hd__dfrbp_1 (3)               |sky130_fd_sc_hd__dfrbp_1 (3)               
Number of devices: 4                       |Number of devices: 4                       
Number of nets: 11                         |Number of nets: 11                         
---------------------------------------------------------------------------------------
Netlists match uniquely.

Subcircuit pins:
Circuit 1: ripple_dly_4                    |Circuit 2: ripple_dly_4                    
-------------------------------------------|-------------------------------------------
dvss                                       |dvss                                       
dvdd                                       |dvdd                                       
ena                                        |ena                                        
doneb                                      |doneb                                      
clkin                                      |clkin                                      
---------------------------------------------------------------------------------------
Cell pin lists are equivalent.
Device classes ripple_dly_4 and ripple_dly_4 are equivalent.

Subcircuit summary:
Circuit 1: sky130_fd_sc_hd__a221o_1        |Circuit 2: sky130_fd_sc_hd__a221o_1        
-------------------------------------------|-------------------------------------------
sky130_fd_pr__nfet_01v8 (6)                |sky130_fd_pr__nfet_01v8 (6)                
sky130_fd_pr__pfet_01v8_hvt (6)            |sky130_fd_pr__pfet_01v8_hvt (6)            
Number of devices: 12                      |Number of devices: 12                      
Number of nets: 15                         |Number of nets: 15                         
---------------------------------------------------------------------------------------
Netlists match uniquely.

Subcircuit pins:
Circuit 1: sky130_fd_sc_hd__a221o_1        |Circuit 2: sky130_fd_sc_hd__a221o_1        
-------------------------------------------|-------------------------------------------
VGND                                       |VGND                                       
VPWR                                       |VPWR                                       
VPB                                        |VPB                                        
VNB                                        |VNB                                        
X                                          |X                                          
B1                                         |B1                                         
A1                                         |A1                                         
C1                                         |C1                                         
A2                                         |A2                                         
B2                                         |B2                                         
---------------------------------------------------------------------------------------
Cell pin lists are equivalent.
Device classes sky130_fd_sc_hd__a221o_1 and sky130_fd_sc_hd__a221o_1 are equivalent.

Subcircuit summary:
Circuit 1: sky130_fd_sc_hd__einvn_0        |Circuit 2: sky130_fd_sc_hd__einvn_0        
-------------------------------------------|-------------------------------------------
sky130_fd_pr__nfet_01v8 (3)                |sky130_fd_pr__nfet_01v8 (3)                
sky130_fd_pr__pfet_01v8_hvt (3)            |sky130_fd_pr__pfet_01v8_hvt (3)            
Number of devices: 6                       |Number of devices: 6                       
Number of nets: 10                         |Number of nets: 10                         
---------------------------------------------------------------------------------------
Netlists match uniquely.

Subcircuit pins:
Circuit 1: sky130_fd_sc_hd__einvn_0        |Circuit 2: sky130_fd_sc_hd__einvn_0        
-------------------------------------------|-------------------------------------------
TE_B                                       |TE_B                                       
VPB                                        |VPB                                        
VNB                                        |VNB                                        
VPWR                                       |VPWR                                       
A                                          |A                                          
Z                                          |Z                                          
VGND                                       |VGND                                       
---------------------------------------------------------------------------------------
Cell pin lists are equivalent.
Device classes sky130_fd_sc_hd__einvn_0 and sky130_fd_sc_hd__einvn_0 are equivalent.

Circuit 1 cell sky130_fd_pr__cap_mim_m3_1 and Circuit 2 cell sky130_fd_pr__cap_mim_m3_1 are black boxes.
Warning: Equate pins:  cell sky130_fd_pr__cap_mim_m3_1 is a placeholder, treated as a black box.
Warning: Equate pins:  cell sky130_fd_pr__cap_mim_m3_1 is a placeholder, treated as a black box.

Subcircuit pins:
Circuit 1: sky130_fd_pr__cap_mim_m3_1      |Circuit 2: sky130_fd_pr__cap_mim_m3_1      
-------------------------------------------|-------------------------------------------
1                                          |1                                          
2                                          |2                                          
---------------------------------------------------------------------------------------
Cell pin lists are equivalent.
Device classes sky130_fd_pr__cap_mim_m3_1 and sky130_fd_pr__cap_mim_m3_1 are equivalent.

Circuit 1 cell sky130_fd_pr__diode_pd2nw_05v5 and Circuit 2 cell sky130_fd_pr__diode_pd2nw_05v5 are black boxes.
Warning: Equate pins:  cell sky130_fd_pr__diode_pd2nw_05v5 is a placeholder, treated as a black box.
Warning: Equate pins:  cell sky130_fd_pr__diode_pd2nw_05v5 is a placeholder, treated as a black box.

Subcircuit pins:
Circuit 1: sky130_fd_pr__diode_pd2nw_05v5  |Circuit 2: sky130_fd_pr__diode_pd2nw_05v5  
-------------------------------------------|-------------------------------------------
1                                          |1                                          
2                                          |2                                          
---------------------------------------------------------------------------------------
Cell pin lists are equivalent.
Device classes sky130_fd_pr__diode_pd2nw_05v5 and sky130_fd_pr__diode_pd2nw_05v5 are equivalent.

Subcircuit summary:
Circuit 1: sky130_fd_sc_hd__buf_1          |Circuit 2: sky130_fd_sc_hd__buf_1          
-------------------------------------------|-------------------------------------------
sky130_fd_pr__pfet_01v8_hvt (2)            |sky130_fd_pr__pfet_01v8_hvt (2)            
sky130_fd_pr__nfet_01v8 (2)                |sky130_fd_pr__nfet_01v8 (2)                
Number of devices: 4                       |Number of devices: 4                       
Number of nets: 7                          |Number of nets: 7                          
---------------------------------------------------------------------------------------
Netlists match uniquely.

Subcircuit pins:
Circuit 1: sky130_fd_sc_hd__buf_1          |Circuit 2: sky130_fd_sc_hd__buf_1          
-------------------------------------------|-------------------------------------------
VGND                                       |VGND                                       
X                                          |X                                          
VNB                                        |VNB                                        
A                                          |A                                          
VPWR                                       |VPWR                                       
VPB                                        |VPB                                        
---------------------------------------------------------------------------------------
Cell pin lists are equivalent.
Device classes sky130_fd_sc_hd__buf_1 and sky130_fd_sc_hd__buf_1 are equivalent.
Flattening unmatched subcell sky130_fd_pr__nfet_01v8_69TQ3K in circuit level_shift (0)(1 instance)
Flattening unmatched subcell sky130_fd_pr__pfet_01v8_3HMWVM in circuit level_shift (0)(1 instance)
Flattening unmatched subcell sky130_fd_pr__nfet_g5v0d10v5_9YEQ2B in circuit level_shift (0)(2 instances)
Flattening unmatched subcell sky130_fd_pr__pfet_g5v0d10v5_VHBZVD in circuit level_shift (0)(2 instances)

Class level_shift (0):  Merged 2 parallel devices.
Subcircuit summary:
Circuit 1: level_shift                     |Circuit 2: level_shift                     
-------------------------------------------|-------------------------------------------
sky130_fd_pr__nfet_01v8 (1)                |sky130_fd_pr__nfet_01v8 (1)                
sky130_fd_pr__pfet_01v8 (1)                |sky130_fd_pr__pfet_01v8 (1)                
sky130_fd_pr__nfet_g5v0d10v5 (4->2)        |sky130_fd_pr__nfet_g5v0d10v5 (4->2)        
sky130_fd_pr__pfet_g5v0d10v5 (2)           |sky130_fd_pr__pfet_g5v0d10v5 (2)           
Number of devices: 6                       |Number of devices: 6                       
Number of nets: 7 **Mismatch**             |Number of nets: 8 **Mismatch**             
---------------------------------------------------------------------------------------
NET mismatches: Class fragments follow (with fanout counts):
Circuit 1: level_shift                     |Circuit 2: level_shift                     

---------------------------------------------------------------------------------------
Net: dvss                                  |Net: dvss                                  
  sky130_fd_pr__nfet_01v8/(1|3) = 1        |  sky130_fd_pr__nfet_01v8/(1|3) = 1        
  sky130_fd_pr__nfet_01v8/4 = 1            |  sky130_fd_pr__nfet_01v8/4 = 1            
  sky130_fd_pr__nfet_g5v0d10v5/(1|3) = 2   |                                           
  sky130_fd_pr__nfet_g5v0d10v5/4 = 2       |                                           
                                           |                                           
(no matching net)                          |Net: avss                                  
                                           |  sky130_fd_pr__nfet_g5v0d10v5/(1|3) = 2   
                                           |  sky130_fd_pr__nfet_g5v0d10v5/4 = 2       
---------------------------------------------------------------------------------------
Netlists do not match.
  Flattening non-matched subcircuits level_shift level_shift
Flattening unmatched subcell sky130_fd_pr__nfet_01v8_AHZR5K in circuit ripl_dly_clk_buf (0)(1 instance)

Subcircuit summary:
Circuit 1: ripl_dly_clk_buf                |Circuit 2: ripl_dly_clk_buf                
-------------------------------------------|-------------------------------------------
ripple_dly_4 (2)                           |ripple_dly_4 (2)                           
sky130_fd_sc_hd__a221o_1 (1)               |sky130_fd_sc_hd__a221o_1 (1)               
sky130_fd_sc_hd__einvn_0 (1)               |sky130_fd_sc_hd__einvn_0 (1)               
sky130_fd_pr__nfet_01v8 (1)                |sky130_fd_pr__nfet_01v8 (1)                
Number of devices: 5                       |Number of devices: 5                       
Number of nets: 10                         |Number of nets: 10                         
---------------------------------------------------------------------------------------
Netlists match uniquely.

Subcircuit pins:
Circuit 1: ripl_dly_clk_buf                |Circuit 2: ripl_dly_clk_buf                
-------------------------------------------|-------------------------------------------
stby                                       |stby                                       
x5/VPB                                     |dvdd **Mismatch**                          
dvss                                       |dvss                                       
clkout                                     |clkout                                     
stby_b                                     |stby_b                                     
ena                                        |ena                                        
clkin                                      |clkin                                      
---------------------------------------------------------------------------------------
Cell pin lists for ripl_dly_clk_buf and ripl_dly_clk_buf altered to match.
Device classes ripl_dly_clk_buf and ripl_dly_clk_buf are equivalent.
Flattening unmatched subcell sky130_fd_pr__res_xhigh_po_0p35_WHP78W in circuit sky130_be_ip__lsxo (0)(1 instance)
Flattening unmatched subcell sky130_fd_pr__res_xhigh_po_0p35_M35ED8 in circuit sky130_be_ip__lsxo (0)(1 instance)
Flattening unmatched subcell sky130_fd_pr__res_xhigh_po_0p35_VTNT3C in circuit sky130_be_ip__lsxo (0)(1 instance)
Flattening unmatched subcell sky130_fd_pr__diode_pw2nd_05v5_FT76RJ in circuit sky130_be_ip__lsxo (0)(4 instances)
Flattening unmatched subcell sky130_fd_pr__nfet_01v8_LHQHT5 in circuit sky130_be_ip__lsxo (0)(1 instance)
Flattening unmatched subcell sky130_fd_pr__nfet_01v8_6G4XAN in circuit sky130_be_ip__lsxo (0)(1 instance)
Flattening unmatched subcell sky130_fd_pr__nfet_g5v0d10v5_CD9S2Z in circuit sky130_be_ip__lsxo (0)(1 instance)
Flattening unmatched subcell sky130_fd_pr__res_xhigh_po_0p35_68VL2P in circuit sky130_be_ip__lsxo (0)(1 instance)
Flattening unmatched subcell sky130_fd_pr__nfet_01v8_UY343Z in circuit sky130_be_ip__lsxo (0)(2 instances)
Flattening unmatched subcell sky130_fd_pr__pfet_01v8_EDYT7U in circuit sky130_be_ip__lsxo (0)(2 instances)
Flattening unmatched subcell sky130_fd_pr__nfet_g5v0d10v5_YG6WAD in circuit sky130_be_ip__lsxo (0)(1 instance)
Flattening unmatched subcell sky130_fd_pr__nfet_01v8_AHZR5K in circuit sky130_be_ip__lsxo (0)(1 instance)
Flattening unmatched subcell sky130_fd_pr__cap_mim_m3_1_VMUSDZ in circuit sky130_be_ip__lsxo (0)(1 instance)
Flattening unmatched subcell sky130_fd_pr__nfet_01v8_HZ6WG7 in circuit sky130_be_ip__lsxo (0)(1 instance)
Flattening unmatched subcell sky130_fd_pr__cap_mim_m3_1_67RTNB in circuit sky130_be_ip__lsxo (0)(1 instance)
Flattening unmatched subcell sky130_fd_pr__cap_mim_m3_1_WXTTNJ in circuit sky130_be_ip__lsxo (0)(1 instance)
Flattening unmatched subcell sky130_fd_pr__diode_pd2nw_05v5_K4SERG in circuit sky130_be_ip__lsxo (0)(2 instances)
Flattening unmatched subcell sky130_fd_pr__nfet_g5v0d10v5_GZN5JV in circuit sky130_be_ip__lsxo (0)(1 instance)
Flattening unmatched subcell sky130_fd_pr__cap_mim_m3_1_F5PPB9 in circuit sky130_be_ip__lsxo (0)(1 instance)
Flattening unmatched subcell sky130_fd_pr__pfet_g5v0d10v5_E4RF2H in circuit sky130_be_ip__lsxo (0)(1 instance)
Flattening unmatched subcell sky130_fd_pr__pfet_g5v0d10v5_74GBJT in circuit sky130_be_ip__lsxo (0)(1 instance)
Flattening unmatched subcell sky130_fd_pr__pfet_01v8_3H68VM in circuit sky130_be_ip__lsxo (0)(1 instance)
Flattening unmatched subcell sky130_fd_pr__pfet_g5v0d10v5_6RLJVT in circuit sky130_be_ip__lsxo (0)(1 instance)
Flattening unmatched subcell sky130_fd_pr__pfet_01v8_MTZJAC in circuit sky130_be_ip__lsxo (0)(1 instance)
Flattening unmatched subcell sky130_fd_pr__nfet_g5v0d10v5_Z6W9J4 in circuit sky130_be_ip__lsxo (0)(1 instance)
Flattening unmatched subcell sky130_fd_pr__pfet_g5v0d10v5_8CDM6Z in circuit sky130_be_ip__lsxo (0)(1 instance)
Flattening unmatched subcell sky130_fd_pr__cap_mim_m3_1_UYSCL3 in circuit sky130_be_ip__lsxo (0)(1 instance)
Flattening unmatched subcell sky130_fd_pr__cap_mim_m3_1_43FTN9 in circuit sky130_be_ip__lsxo (0)(1 instance)
Flattening unmatched subcell sky130_fd_pr__cap_mim_m3_1_3DMTNZ in circuit sky130_be_ip__lsxo (0)(1 instance)
Flattening unmatched subcell sky130_fd_pr__cap_mim_m3_1_4HHTN9 in circuit sky130_be_ip__lsxo (0)(1 instance)
Flattening unmatched subcell sky130_fd_pr__pfet_01v8_M6QFHF in circuit sky130_be_ip__lsxo (0)(1 instance)
Flattening unmatched subcell sky130_fd_pr__nfet_g5v0d10v5_H6M2KM in circuit sky130_be_ip__lsxo (0)(1 instance)
Flattening unmatched subcell sky130_fd_pr__nfet_g5v0d10v5_BKL7UB in circuit sky130_be_ip__lsxo (0)(1 instance)
Flattening unmatched subcell sky130_fd_pr__nfet_01v8_Y7GPAW in circuit sky130_be_ip__lsxo (0)(1 instance)
Flattening unmatched subcell sky130_fd_pr__pfet_01v8_LL48TN in circuit sky130_be_ip__lsxo (0)(1 instance)
Flattening unmatched subcell dout_amp in circuit sky130_be_ip__lsxo (1)(1 instance)
Flattening unmatched subcell bias_gen in circuit sky130_be_ip__lsxo (1)(1 instance)

Class sky130_be_ip__lsxo (0):  Merged 126 parallel devices.
Class sky130_be_ip__lsxo (0):  Merged 60 series devices.
Class sky130_be_ip__lsxo (1):  Merged 2 parallel devices.
Subcircuit summary:
Circuit 1: sky130_be_ip__lsxo              |Circuit 2: sky130_be_ip__lsxo              
-------------------------------------------|-------------------------------------------
sky130_fd_pr__res_xhigh_po_0p35 (70->5)    |sky130_fd_pr__res_xhigh_po_0p35 (7->5)     
sky130_fd_sc_hd__buf_1 (2)                 |sky130_fd_sc_hd__buf_1 (2)                 
sky130_fd_pr__diode_pw2nd_05v5 (4)         |sky130_fd_pr__diode_pw2nd_05v5 (4)         
sky130_fd_pr__nfet_01v8 (24->14)           |sky130_fd_pr__nfet_01v8 (24->14)           
sky130_fd_pr__pfet_01v8 (35->12)           |sky130_fd_pr__pfet_01v8 (35->12)           
sky130_fd_pr__nfet_g5v0d10v5 (47->18)      |sky130_fd_pr__nfet_g5v0d10v5 (50->18)      
sky130_fd_pr__pfet_g5v0d10v5 (32->16)      |sky130_fd_pr__pfet_g5v0d10v5 (32->16)      
ripl_dly_clk_buf (1)                       |ripl_dly_clk_buf (1)                       
sky130_fd_pr__cap_mim_m3_1 (55->8)         |sky130_fd_pr__cap_mim_m3_1 (55->8)         
sky130_fd_pr__diode_pd2nw_05v5 (2)         |sky130_fd_pr__diode_pd2nw_05v5 (2)         
Number of devices: 82                      |Number of devices: 82                      
Number of nets: 39 **Mismatch**            |Number of nets: 42 **Mismatch**            
---------------------------------------------------------------------------------------
NET mismatches: Class fragments follow (with fanout counts):
Circuit 1: sky130_be_ip__lsxo              |Circuit 2: sky130_be_ip__lsxo              

---------------------------------------------------------------------------------------
Net: ena_ip                                |Net: ena_ip                                
  ripl_dly_clk_buf/ena = 1                 |  ripl_dly_clk_buf/ena = 1                 
  sky130_fd_pr__nfet_g5v0d10v5/2 = 1       |  sky130_fd_pr__nfet_g5v0d10v5/2 = 1       
  sky130_fd_pr__pfet_01v8/2 = 1            |  sky130_fd_pr__pfet_01v8/2 = 1            
  sky130_fd_pr__nfet_01v8/2 = 1            |  sky130_fd_pr__nfet_01v8/2 = 1            
  sky130_fd_sc_hd__buf_1/X = 1             |  sky130_fd_sc_hd__buf_1/X = 1             
                                           |                                           
Net: standby_b                             |Net: standby_b                             
  sky130_fd_pr__nfet_01v8/2 = 1            |  sky130_fd_pr__nfet_01v8/2 = 1            
  ripl_dly_clk_buf/stby_b = 1              |  ripl_dly_clk_buf/stby_b = 1              
  sky130_fd_pr__nfet_g5v0d10v5/2 = 1       |  sky130_fd_pr__nfet_g5v0d10v5/2 = 1       
  sky130_fd_pr__pfet_01v8/(1|3) = 1        |  sky130_fd_pr__pfet_01v8/(1|3) = 1        
  sky130_fd_pr__nfet_01v8/(1|3) = 1        |  sky130_fd_pr__nfet_01v8/(1|3) = 1        
                                           |                                           
Net: dvss                                  |Net: dout_amp:6/xin_buf                    
  sky130_fd_pr__res_xhigh_po_0p35/(1|2) =  |  sky130_fd_pr__cap_mim_m3_1/2 = 1         
  sky130_fd_pr__res_xhigh_po_0p35/3 = 4    |  sky130_fd_pr__pfet_g5v0d10v5/(1|3) = 3   
  sky130_fd_sc_hd__buf_1/VGND = 2          |  sky130_fd_pr__nfet_01v8/(1|3) = 1        
  sky130_fd_sc_hd__buf_1/VNB = 2           |                                           
  sky130_fd_pr__diode_pw2nd_05v5/1 = 4     |                                           
  sky130_fd_pr__nfet_01v8/(1|3) = 4        |                                           
  sky130_fd_pr__nfet_01v8/4 = 4            |                                           
  sky130_fd_pr__nfet_g5v0d10v5/(1|3) = 14  |                                           
  sky130_fd_pr__nfet_g5v0d10v5/4 = 15      |                                           
  ripl_dly_clk_buf/dvss = 1                |                                           
  sky130_fd_pr__cap_mim_m3_1/1 = 2         |                                           
  sky130_fd_pr__cap_mim_m3_1/2 = 2         |                                           
  sky130_fd_pr__nfet_g5v0d10v5/2 = 1       |                                           
                                           |                                           
Net: li_22598_n15512#                      |Net: dout_amp:6/net2                       
  sky130_fd_pr__pfet_g5v0d10v5/(1|3) = 2   |  sky130_fd_pr__nfet_01v8/(1|3) = 2        
                                           |                                           
Net: standby_ip                            |Net: standby_ip                            
  sky130_fd_pr__pfet_01v8/2 = 2            |  sky130_fd_pr__pfet_01v8/2 = 2            
  ripl_dly_clk_buf/stby = 1                |  ripl_dly_clk_buf/stby = 1                
  sky130_fd_pr__nfet_01v8/2 = 2            |  sky130_fd_pr__nfet_01v8/2 = 2            
  sky130_fd_pr__nfet_g5v0d10v5/2 = 1       |  sky130_fd_pr__nfet_g5v0d10v5/2 = 1       
  sky130_fd_sc_hd__buf_1/X = 1             |  sky130_fd_sc_hd__buf_1/X = 1             
                                           |                                           
Net: xin_buf                               |Net: bias_gen:5/net2                       
  sky130_fd_pr__nfet_01v8/(1|3) = 3        |  sky130_fd_pr__pfet_g5v0d10v5/(1|3) = 2   
  sky130_fd_pr__cap_mim_m3_1/2 = 1         |                                           
  sky130_fd_pr__pfet_g5v0d10v5/(1|3) = 3   |                                           
                                           |                                           
Net: avdd                                  |Net: avdd                                  
  sky130_fd_pr__pfet_g5v0d10v5/(1|3) = 5   |  sky130_fd_pr__pfet_g5v0d10v5/(1|3) = 5   
  sky130_fd_pr__pfet_g5v0d10v5/4 = 5       |  sky130_fd_pr__pfet_g5v0d10v5/4 = 5       
  sky130_fd_pr__cap_mim_m3_1/2 = 1         |  sky130_fd_pr__cap_mim_m3_1/2 = 1         
                                           |                                           
Net: vbreg                                 |Net: vbreg                                 
  sky130_fd_pr__pfet_g5v0d10v5/2 = 6       |  sky130_fd_pr__pfet_g5v0d10v5/2 = 6       
  sky130_fd_pr__nfet_g5v0d10v5/(1|3) = 4   |  sky130_fd_pr__nfet_g5v0d10v5/(1|3) = 4   
  sky130_fd_pr__pfet_g5v0d10v5/(1|3) = 1   |  sky130_fd_pr__pfet_g5v0d10v5/(1|3) = 1   
                                           |                                           
(no matching net)                          |Net: avss                                  
                                           |  sky130_fd_pr__nfet_g5v0d10v5/(1|3) = 5   
                                           |  sky130_fd_pr__nfet_g5v0d10v5/4 = 5       
                                           |  sky130_fd_pr__cap_mim_m3_1/1 = 1         
                                           |                                           
(no matching net)                          |Net: avss_ip                               
                                           |  sky130_fd_pr__nfet_g5v0d10v5/(1|3) = 9   
                                           |  sky130_fd_pr__nfet_g5v0d10v5/4 = 10      
                                           |  sky130_fd_pr__res_xhigh_po_0p35/3 = 4    
                                           |  sky130_fd_pr__cap_mim_m3_1/2 = 1         
                                           |  sky130_fd_pr__res_xhigh_po_0p35/(1|2) =  
                                           |  sky130_fd_pr__cap_mim_m3_1/1 = 1         
                                           |  sky130_fd_pr__nfet_g5v0d10v5/2 = 1       
                                           |  sky130_fd_pr__diode_pw2nd_05v5/1 = 2     
                                           |  sky130_fd_pr__pfet_g5v0d10v5/4 = 1       
                                           |                                           
(no matching net)                          |Net: avdd_ip                               
                                           |  sky130_fd_pr__pfet_g5v0d10v5/(1|3) = 6   
                                           |  sky130_fd_pr__pfet_g5v0d10v5/4 = 5       
                                           |  sky130_fd_pr__cap_mim_m3_1/1 = 2         
                                           |  sky130_fd_pr__diode_pd2nw_05v5/2 = 2     
---------------------------------------------------------------------------------------

---------------------------------------------------------------------------------------
Net: avdd_ip                               |Net: dvss                                  
  sky130_fd_pr__cap_mim_m3_1/1 = 2         |  sky130_fd_pr__nfet_01v8/(1|3) = 4        
  sky130_fd_pr__diode_pd2nw_05v5/2 = 2     |  sky130_fd_pr__nfet_01v8/4 = 4            
  sky130_fd_pr__pfet_g5v0d10v5/(1|3) = 6   |  sky130_fd_pr__cap_mim_m3_1/2 = 1         
  sky130_fd_pr__pfet_g5v0d10v5/4 = 6       |  ripl_dly_clk_buf/dvss = 1                
                                           |  sky130_fd_sc_hd__buf_1/VGND = 2          
                                           |  sky130_fd_sc_hd__buf_1/VNB = 2           
                                           |  sky130_fd_pr__diode_pw2nd_05v5/1 = 2     
---------------------------------------------------------------------------------------

---------------------------------------------------------------------------------------
Net: xin                                   |Net: xin                                   
  sky130_fd_pr__diode_pw2nd_05v5/2 = 1     |  sky130_fd_pr__diode_pw2nd_05v5/2 = 1     
  sky130_fd_pr__res_xhigh_po_0p35/(1|2) =  |  sky130_fd_pr__res_xhigh_po_0p35/(1|2) =  
  sky130_fd_pr__nfet_g5v0d10v5/2 = 2       |  sky130_fd_pr__nfet_g5v0d10v5/2 = 2       
  sky130_fd_pr__cap_mim_m3_1/2 = 1         |  sky130_fd_pr__cap_mim_m3_1/2 = 1         
  sky130_fd_pr__pfet_g5v0d10v5/2 = 2       |  sky130_fd_pr__pfet_g5v0d10v5/2 = 2       
  sky130_fd_pr__diode_pd2nw_05v5/1 = 1     |  sky130_fd_pr__diode_pd2nw_05v5/1 = 1     
---------------------------------------------------------------------------------------

---------------------------------------------------------------------------------------
Net: x3/in_b                               |Net: net1                                  
  sky130_fd_pr__nfet_01v8/(1|3) = 1        |  sky130_fd_pr__nfet_g5v0d10v5/2 = 1       
  sky130_fd_pr__pfet_01v8/(1|3) = 1        |  sky130_fd_pr__pfet_01v8/(1|3) = 1        
  sky130_fd_pr__nfet_g5v0d10v5/2 = 1       |  sky130_fd_pr__nfet_01v8/(1|3) = 1        
                                           |                                           
Net: dout_filt                             |Net: dout_filt                             
  ripl_dly_clk_buf/clkout = 1              |  ripl_dly_clk_buf/clkout = 1              
  sky130_fd_pr__nfet_01v8/2 = 1            |  sky130_fd_pr__nfet_01v8/2 = 1            
  sky130_fd_pr__pfet_01v8/2 = 1            |  sky130_fd_pr__pfet_01v8/2 = 1            
---------------------------------------------------------------------------------------

---------------------------------------------------------------------------------------
Net: xout                                  |Net: xout                                  
  sky130_fd_pr__diode_pw2nd_05v5/2 = 1     |  sky130_fd_pr__diode_pw2nd_05v5/2 = 1     
  sky130_fd_pr__res_xhigh_po_0p35/(1|2) =  |  sky130_fd_pr__res_xhigh_po_0p35/(1|2) =  
  sky130_fd_pr__nfet_g5v0d10v5/(1|3) = 1   |  sky130_fd_pr__nfet_g5v0d10v5/(1|3) = 1   
  sky130_fd_pr__diode_pd2nw_05v5/1 = 1     |  sky130_fd_pr__diode_pd2nw_05v5/1 = 1     
  sky130_fd_pr__pfet_g5v0d10v5/(1|3) = 3   |  sky130_fd_pr__pfet_g5v0d10v5/(1|3) = 3   
  sky130_fd_pr__pfet_g5v0d10v5/2 = 2       |  sky130_fd_pr__pfet_g5v0d10v5/2 = 2       
---------------------------------------------------------------------------------------

---------------------------------------------------------------------------------------
Net: dvdd                                  |Net: dvdd                                  
  sky130_fd_sc_hd__buf_1/VPB = 2           |  sky130_fd_sc_hd__buf_1/VPB = 2           
  sky130_fd_sc_hd__buf_1/VPWR = 2          |  sky130_fd_sc_hd__buf_1/VPWR = 2          
  sky130_fd_pr__pfet_01v8/(1|3) = 3        |  sky130_fd_pr__pfet_01v8/(1|3) = 3        
  sky130_fd_pr__pfet_01v8/4 = 3            |  sky130_fd_pr__pfet_01v8/4 = 3            
  ripl_dly_clk_buf/x5/VPB = 1              |  ripl_dly_clk_buf/dvdd = 1                
  sky130_fd_pr__cap_mim_m3_1/1 = 1         |  sky130_fd_pr__cap_mim_m3_1/1 = 1         
---------------------------------------------------------------------------------------

---------------------------------------------------------------------------------------
Net: vg1                                   |Net: bias_gen:5/vg1                        
  sky130_fd_pr__res_xhigh_po_0p35/(1|2) =  |  sky130_fd_pr__res_xhigh_po_0p35/(1|2) =  
  sky130_fd_pr__cap_mim_m3_1/1 = 1         |  sky130_fd_pr__cap_mim_m3_1/1 = 1         
  sky130_fd_pr__pfet_g5v0d10v5/(1|3) = 1   |  sky130_fd_pr__pfet_g5v0d10v5/(1|3) = 1   
  sky130_fd_pr__nfet_g5v0d10v5/(1|3) = 1   |  sky130_fd_pr__nfet_g5v0d10v5/(1|3) = 1   
  sky130_fd_pr__nfet_g5v0d10v5/2 = 2       |  sky130_fd_pr__nfet_g5v0d10v5/2 = 2       
---------------------------------------------------------------------------------------

---------------------------------------------------------------------------------------
Net: dvss_ip                               |Net: dvss_ip                               
  sky130_fd_pr__res_xhigh_po_0p35/3 = 1    |  sky130_fd_pr__res_xhigh_po_0p35/3 = 1    
  sky130_fd_pr__nfet_01v8/4 = 10           |  sky130_fd_pr__nfet_01v8/4 = 10           
  sky130_fd_pr__nfet_01v8/(1|3) = 10       |  sky130_fd_pr__nfet_01v8/(1|3) = 10       
  sky130_fd_pr__nfet_g5v0d10v5/(1|3) = 4   |  sky130_fd_pr__nfet_g5v0d10v5/(1|3) = 4   
  sky130_fd_pr__nfet_g5v0d10v5/4 = 3       |  sky130_fd_pr__nfet_g5v0d10v5/4 = 3       
  sky130_fd_pr__cap_mim_m3_1/2 = 1         |  sky130_fd_pr__cap_mim_m3_1/2 = 1         
---------------------------------------------------------------------------------------

---------------------------------------------------------------------------------------
Net: icnode                                |Net: bias_gen:5/icnode                     
  sky130_fd_pr__nfet_g5v0d10v5/(1|3) = 1   |  sky130_fd_pr__nfet_g5v0d10v5/(1|3) = 1   
  sky130_fd_pr__cap_mim_m3_1/2 = 1         |  sky130_fd_pr__cap_mim_m3_1/2 = 1         
  sky130_fd_pr__nfet_g5v0d10v5/2 = 2       |  sky130_fd_pr__nfet_g5v0d10v5/2 = 2       
                                           |                                           
Net: dout_ip                               |Net: dout_ip                               
  sky130_fd_pr__nfet_01v8/(1|3) = 2        |  sky130_fd_pr__nfet_01v8/(1|3) = 2        
  ripl_dly_clk_buf/clkin = 1               |  ripl_dly_clk_buf/clkin = 1               
  sky130_fd_pr__pfet_01v8/(1|3) = 1        |  sky130_fd_pr__pfet_01v8/(1|3) = 1        
                                           |                                           
Net: ena_b_33                              |Net: ena_b_33                              
  sky130_fd_pr__nfet_g5v0d10v5/(1|3) = 1   |  sky130_fd_pr__nfet_g5v0d10v5/(1|3) = 1   
  sky130_fd_pr__pfet_g5v0d10v5/(1|3) = 1   |  sky130_fd_pr__pfet_g5v0d10v5/(1|3) = 1   
  sky130_fd_pr__pfet_g5v0d10v5/2 = 2       |  sky130_fd_pr__pfet_g5v0d10v5/2 = 2       
---------------------------------------------------------------------------------------
DEVICE mismatches: Class fragments follow (with node fanout counts):
Circuit 1: sky130_be_ip__lsxo              |Circuit 2: sky130_be_ip__lsxo              

---------------------------------------------------------------------------------------
Instance: sky130_fd_pr__diode_pd2nw_05v5_K |Instance: sky130_fd_pr__diode_pd2nw_05v5:D 
  1 = 8                                    |  1 = 9                                    
  2 = 16                                   |  2 = 15                                   
                                           |                                           
Instance: sky130_fd_pr__diode_pd2nw_05v5_K |Instance: sky130_fd_pr__diode_pd2nw_05v5:D 
  1 = 9                                    |  1 = 8                                    
  2 = 16                                   |  2 = 15                                   
---------------------------------------------------------------------------------------

---------------------------------------------------------------------------------------
Instance: sky130_fd_pr__cap_mim_m3_1_3DMTN |Instance: bias_gen:5/sky130_fd_pr__cap_mim 
  1 = 58                                   |  1 = 15                                   
  2 = 11                                   |  2 = 4                                    
                                           |                                           
Instance: sky130_fd_pr__cap_mim_m3_1_4HHTN |Instance: sky130_fd_pr__cap_mim_m3_1:C4    
  1 = 12                                   |  1 = 12                                   
  2 = 58                                   |  2 = 16                                   
                                           |                                           
Instance: sky130_fd_pr__cap_mim_m3_1_UYSCL |Instance: sky130_fd_pr__cap_mim_m3_1:C3    
  1 = 16                                   |  1 = 11                                   
  2 = 58                                   |  2 = 11                                   
                                           |                                           
Instance: sky130_fd_pr__cap_mim_m3_1_WXTTN |Instance: sky130_fd_pr__cap_mim_m3_1:C1    
  1 = 16                                   |  1 = 15                                   
  2 = 4                                    |  2 = 32                                   
---------------------------------------------------------------------------------------

---------------------------------------------------------------------------------------
Instance: ripl_dly_clk_buf:x7              |Instance: ripl_dly_clk_buf:7               
  clkin = 4                                |  clkin = 4                                
  clkout = 3                               |  clkout = 3                               
  ena = 5                                  |  ena = 5                                  
  stby = 7                                 |  stby = 7                                 
  stby_b = 5                               |  stby_b = 5                               
  dvss = 58                                |  dvss = 16                                
  x5/VPB = 12                              |  dvdd = 12                                
---------------------------------------------------------------------------------------

---------------------------------------------------------------------------------------
Instance: sky130_fd_pr__pfet_g5v0d10v5_74G |Instance: sky130_fd_pr__pfet_g5v0d10v5:MD2 
  (1,3) = (16,11)                          |  (1,3) = (9,9)                            
  2 = 4                                    |  2 = 11                                   
  4 = 11                                   |  4 = 32                                   
                                           |                                           
Instance: sky130_fd_pr__pfet_g5v0d10v5_E4R |Instance: bias_gen:5/sky130_fd_pr__pfet_g5 
  (1,3) = (16,6)                           |  (1,3) = (2,2)                            
  2 = 11                                   |  2 = 11                                   
  4 = 16                                   |  4 = 15                                   
                                           |                                           
Instance: sky130_fd_pr__pfet_g5v0d10v5_E4R |Instance: bias_gen:5/sky130_fd_pr__pfet_g5 
  (1,3) = (9,9)                            |  (1,3) = (15,15)                          
  2 = 11                                   |  2 = 11                                   
  4 = 16                                   |  4 = 15                                   
                                           |                                           
Instance: sky130_fd_pr__pfet_g5v0d10v5_E4R |Instance: bias_gen:5/sky130_fd_pr__pfet_g5 
  (1,3) = (16,11)                          |  (1,3) = (15,11)                          
  2 = 11                                   |  2 = 11                                   
  4 = 16                                   |  4 = 15                                   
                                           |                                           
Instance: sky130_fd_pr__pfet_g5v0d10v5_E4R |Instance: bias_gen:5/sky130_fd_pr__pfet_g5 
  (1,3) = (2,2)                            |  (1,3) = (15,6)                           
  2 = 11                                   |  2 = 11                                   
  4 = 16                                   |  4 = 15                                   
                                           |                                           
Instance: sky130_fd_pr__pfet_g5v0d10v5_E4R |Instance: sky130_fd_pr__pfet_g5v0d10v5:M6  
  (1,3) = (16,9)                           |  (1,3) = (15,11)                          
  2 = 11                                   |  2 = 4                                    
  4 = 16                                   |  4 = 11                                   
                                           |                                           
Instance: sky130_fd_pr__pfet_g5v0d10v5_E4R |Instance: sky130_fd_pr__pfet_g5v0d10v5:M2  
  (1,3) = (16,16)                          |  (1,3) = (15,9)                           
  2 = 11                                   |  2 = 11                                   
  4 = 16                                   |  4 = 15                                   
---------------------------------------------------------------------------------------

---------------------------------------------------------------------------------------
Instance: sky130_fd_pr__nfet_01v8_Y7GPAW:X |Instance: level_shift:4/sky130_fd_pr__nfet 
  (1,3) = (58,29)                          |  (1,3) = (16,5)                           
  2 = 5                                    |  2 = 7                                    
  4 = 58                                   |  4 = 16                                   
                                           |                                           
Instance: sky130_fd_pr__nfet_01v8_AHZR5K:X |Instance: level_shift:3/sky130_fd_pr__nfet 
  (1,3) = (58,4)                           |  (1,3) = (16,3)                           
  2 = 7                                    |  2 = 5                                    
  4 = 58                                   |  4 = 16                                   
                                           |                                           
Instance: level_shift:x4/sky130_fd_pr__nfe |Instance: sky130_fd_pr__nfet_01v8:M3       
  (1,3) = (58,5)                           |  (1,3) = (16,4)                           
  2 = 7                                    |  2 = 7                                    
  4 = 58                                   |  4 = 16                                   
                                           |                                           
Instance: level_shift:x3/sky130_fd_pr__nfe |Instance: sky130_fd_pr__nfet_01v8:M11      
  (1,3) = (58,3)                           |  (1,3) = (29,16)                          
  2 = 5                                    |  2 = 5                                    
  4 = 58                                   |  4 = 16                                   
---------------------------------------------------------------------------------------
Netlists do not match.

Subcircuit pins:
Circuit 1: sky130_be_ip__lsxo              |Circuit 2: sky130_be_ip__lsxo              
-------------------------------------------|-------------------------------------------
dvss                                       |(no matching pin)                          
avdd                                       |(no matching pin)                          
ibias                                      |ibias                                      
dout                                       |dout                                       
Cell pin lists are equivalent.
Device classes sky130_be_ip__lsxo and sky130_be_ip__lsxo are equivalent.

Final result: Netlists do not match.
