Netgen 1.5.271 compiled on Sun Feb 25 22:00:10 EST 2024
Warning: netgen command 'format' use fully-qualified name '::netgen::format'
Warning: netgen command 'global' use fully-qualified name '::netgen::global'
Reading netlist file /home/brady/dev/sky130_be_ip__lsxo/mag/iic-lvs/sky130_be_ip__lsxo.ext.spc
Call to undefined subcircuit sky130_fd_pr__special_nfet_01v8
Creating placeholder cell definition.
Call to undefined subcircuit sky130_fd_pr__pfet_01v8_hvt
Creating placeholder cell definition.
Call to undefined subcircuit sky130_fd_pr__res_xhigh_po_0p35
Creating placeholder cell definition.
Call to undefined subcircuit sky130_fd_pr__nfet_01v8
Creating placeholder cell definition.
Call to undefined subcircuit sky130_fd_pr__pfet_01v8
Creating placeholder cell definition.
Call to undefined subcircuit sky130_fd_pr__nfet_g5v0d10v5
Creating placeholder cell definition.
Call to undefined subcircuit sky130_fd_pr__cap_mim_m3_1
Creating placeholder cell definition.
Call to undefined subcircuit sky130_fd_pr__pfet_g5v0d10v5
Creating placeholder cell definition.
Call to undefined subcircuit sky130_fd_pr__diode_pw2nd_05v5
Creating placeholder cell definition.
Call to undefined subcircuit sky130_fd_pr__diode_pd2nw_05v5
Creating placeholder cell definition.
Reading netlist file /home/brady/dev/sky130_be_ip__lsxo/mag/iic-lvs/sky130_be_ip__lsxo.sch.spc
Call to undefined subcircuit sky130_fd_pr__nfet_g5v0d10v5
Creating placeholder cell definition.
Call to undefined subcircuit sky130_fd_pr__pfet_g5v0d10v5
Creating placeholder cell definition.
Call to undefined subcircuit sky130_fd_pr__res_xhigh_po_0p35
Creating placeholder cell definition.
Call to undefined subcircuit sky130_fd_pr__pfet_01v8
Creating placeholder cell definition.
Call to undefined subcircuit sky130_fd_pr__nfet_01v8
Creating placeholder cell definition.
Call to undefined subcircuit sky130_fd_pr__cap_mim_m3_1
Creating placeholder cell definition.
Call to undefined subcircuit ripl_dly_clk_buf
Creating placeholder cell definition.
Call to undefined subcircuit level_shift
Creating placeholder cell definition.
Call to undefined subcircuit dout_amp
Creating placeholder cell definition.
Call to undefined subcircuit bias_gen
Creating placeholder cell definition.
Call to undefined subcircuit sky130_fd_sc_hd__buf_1
Creating placeholder cell definition.
Call to undefined subcircuit sky130_fd_pr__diode_pd2nw_05v5
Creating placeholder cell definition.
Call to undefined subcircuit sky130_fd_pr__diode_pw2nd_05v5
Creating placeholder cell definition.
Call to undefined subcircuit sky130_fd_sc_hd__a221o_1
Creating placeholder cell definition.
Call to undefined subcircuit ripple_dly_4
Creating placeholder cell definition.
Call to undefined subcircuit sky130_fd_sc_hd__einvn_0
Creating placeholder cell definition.
Call to undefined subcircuit sky130_fd_sc_hd__dfrbp_1
Creating placeholder cell definition.
Call to undefined subcircuit sky130_fd_sc_hd__and2_0
Creating placeholder cell definition.
Call to undefined subcircuit sky130_fd_pr__pfet_01v8_hvt
Creating placeholder cell definition.
Call to undefined subcircuit sky130_fd_pr__special_nfet_01v8
Creating placeholder cell definition.
Call to undefined subcircuit sky130_fd_pr__special_pfet_01v8_hvt
Creating placeholder cell definition.
Call to undefined subcircuit sky130_fd_sc_hd__nand2_2
Creating placeholder cell definition.
Call to undefined subcircuit sky130_fd_sc_hd__nor2_2
Creating placeholder cell definition.

Reading setup file /usr/local/share/pdk/sky130A/libs.tech/netgen/sky130A_setup.tcl

Model sky130_fd_pr__res_xhigh_po_0p35 pin 1 == 2
No property w found for device sky130_fd_pr__res_xhigh_po_0p35
No property w found for device sky130_fd_pr__res_xhigh_po_0p35
No property value found for device sky130_fd_pr__res_xhigh_po_0p35
No property w found for device sky130_fd_pr__res_xhigh_po_0p35
No property mult found for device sky130_fd_pr__res_xhigh_po_0p35
Model sky130_fd_pr__res_xhigh_po_0p35 pin 1 == 2
No property w found for device sky130_fd_pr__res_xhigh_po_0p35
No property w found for device sky130_fd_pr__res_xhigh_po_0p35
No property value found for device sky130_fd_pr__res_xhigh_po_0p35
No property w found for device sky130_fd_pr__res_xhigh_po_0p35
Model sky130_fd_pr__res_generic_po pin end_a == end_b
No property mult found for device sky130_fd_pr__res_generic_po
Model sky130_fd_pr__nfet_01v8 pin 1 == 3
No property mult found for device sky130_fd_pr__nfet_01v8
No property sa found for device sky130_fd_pr__nfet_01v8
No property sb found for device sky130_fd_pr__nfet_01v8
No property sd found for device sky130_fd_pr__nfet_01v8
No property nf found for device sky130_fd_pr__nfet_01v8
No property nrd found for device sky130_fd_pr__nfet_01v8
No property nrs found for device sky130_fd_pr__nfet_01v8
No property area found for device sky130_fd_pr__nfet_01v8
No property perim found for device sky130_fd_pr__nfet_01v8
No property topography found for device sky130_fd_pr__nfet_01v8
Model sky130_fd_pr__nfet_01v8 pin 1 == 3
No property as found for device sky130_fd_pr__nfet_01v8
No property ad found for device sky130_fd_pr__nfet_01v8
No property ps found for device sky130_fd_pr__nfet_01v8
No property pd found for device sky130_fd_pr__nfet_01v8
No property mult found for device sky130_fd_pr__nfet_01v8
No property sa found for device sky130_fd_pr__nfet_01v8
No property sb found for device sky130_fd_pr__nfet_01v8
No property sd found for device sky130_fd_pr__nfet_01v8
No property nrd found for device sky130_fd_pr__nfet_01v8
No property nrs found for device sky130_fd_pr__nfet_01v8
No property area found for device sky130_fd_pr__nfet_01v8
No property perim found for device sky130_fd_pr__nfet_01v8
No property topography found for device sky130_fd_pr__nfet_01v8
Model sky130_fd_pr__nfet_g5v0d10v5 pin 1 == 3
No property mult found for device sky130_fd_pr__nfet_g5v0d10v5
No property sa found for device sky130_fd_pr__nfet_g5v0d10v5
No property sb found for device sky130_fd_pr__nfet_g5v0d10v5
No property sd found for device sky130_fd_pr__nfet_g5v0d10v5
No property nf found for device sky130_fd_pr__nfet_g5v0d10v5
No property nrd found for device sky130_fd_pr__nfet_g5v0d10v5
No property nrs found for device sky130_fd_pr__nfet_g5v0d10v5
No property area found for device sky130_fd_pr__nfet_g5v0d10v5
No property perim found for device sky130_fd_pr__nfet_g5v0d10v5
No property topography found for device sky130_fd_pr__nfet_g5v0d10v5
Model sky130_fd_pr__nfet_g5v0d10v5 pin 1 == 3
No property as found for device sky130_fd_pr__nfet_g5v0d10v5
No property ad found for device sky130_fd_pr__nfet_g5v0d10v5
No property ps found for device sky130_fd_pr__nfet_g5v0d10v5
No property pd found for device sky130_fd_pr__nfet_g5v0d10v5
No property mult found for device sky130_fd_pr__nfet_g5v0d10v5
No property sa found for device sky130_fd_pr__nfet_g5v0d10v5
No property sb found for device sky130_fd_pr__nfet_g5v0d10v5
No property sd found for device sky130_fd_pr__nfet_g5v0d10v5
No property nrd found for device sky130_fd_pr__nfet_g5v0d10v5
No property nrs found for device sky130_fd_pr__nfet_g5v0d10v5
No property area found for device sky130_fd_pr__nfet_g5v0d10v5
No property perim found for device sky130_fd_pr__nfet_g5v0d10v5
No property topography found for device sky130_fd_pr__nfet_g5v0d10v5
Model sky130_fd_pr__pfet_01v8 pin 1 == 3
No property mult found for device sky130_fd_pr__pfet_01v8
No property sa found for device sky130_fd_pr__pfet_01v8
No property sb found for device sky130_fd_pr__pfet_01v8
No property sd found for device sky130_fd_pr__pfet_01v8
No property nf found for device sky130_fd_pr__pfet_01v8
No property nrd found for device sky130_fd_pr__pfet_01v8
No property nrs found for device sky130_fd_pr__pfet_01v8
No property area found for device sky130_fd_pr__pfet_01v8
No property perim found for device sky130_fd_pr__pfet_01v8
No property topography found for device sky130_fd_pr__pfet_01v8
Model sky130_fd_pr__pfet_01v8 pin 1 == 3
No property as found for device sky130_fd_pr__pfet_01v8
No property ad found for device sky130_fd_pr__pfet_01v8
No property ps found for device sky130_fd_pr__pfet_01v8
No property pd found for device sky130_fd_pr__pfet_01v8
No property mult found for device sky130_fd_pr__pfet_01v8
No property sa found for device sky130_fd_pr__pfet_01v8
No property sb found for device sky130_fd_pr__pfet_01v8
No property sd found for device sky130_fd_pr__pfet_01v8
No property nrd found for device sky130_fd_pr__pfet_01v8
No property nrs found for device sky130_fd_pr__pfet_01v8
No property area found for device sky130_fd_pr__pfet_01v8
No property perim found for device sky130_fd_pr__pfet_01v8
No property topography found for device sky130_fd_pr__pfet_01v8
Model sky130_fd_pr__pfet_01v8_hvt pin 1 == 3
No property mult found for device sky130_fd_pr__pfet_01v8_hvt
No property sa found for device sky130_fd_pr__pfet_01v8_hvt
No property sb found for device sky130_fd_pr__pfet_01v8_hvt
No property sd found for device sky130_fd_pr__pfet_01v8_hvt
No property nf found for device sky130_fd_pr__pfet_01v8_hvt
No property nrd found for device sky130_fd_pr__pfet_01v8_hvt
No property nrs found for device sky130_fd_pr__pfet_01v8_hvt
No property area found for device sky130_fd_pr__pfet_01v8_hvt
No property perim found for device sky130_fd_pr__pfet_01v8_hvt
No property topography found for device sky130_fd_pr__pfet_01v8_hvt
Model sky130_fd_pr__pfet_01v8_hvt pin 1 == 3
No property as found for device sky130_fd_pr__pfet_01v8_hvt
No property ad found for device sky130_fd_pr__pfet_01v8_hvt
No property ps found for device sky130_fd_pr__pfet_01v8_hvt
No property pd found for device sky130_fd_pr__pfet_01v8_hvt
No property mult found for device sky130_fd_pr__pfet_01v8_hvt
No property sa found for device sky130_fd_pr__pfet_01v8_hvt
No property sb found for device sky130_fd_pr__pfet_01v8_hvt
No property sd found for device sky130_fd_pr__pfet_01v8_hvt
No property nf found for device sky130_fd_pr__pfet_01v8_hvt
No property nrd found for device sky130_fd_pr__pfet_01v8_hvt
No property nrs found for device sky130_fd_pr__pfet_01v8_hvt
No property area found for device sky130_fd_pr__pfet_01v8_hvt
No property perim found for device sky130_fd_pr__pfet_01v8_hvt
No property topography found for device sky130_fd_pr__pfet_01v8_hvt
Model sky130_fd_pr__pfet_g5v0d10v5 pin 1 == 3
No property mult found for device sky130_fd_pr__pfet_g5v0d10v5
No property sa found for device sky130_fd_pr__pfet_g5v0d10v5
No property sb found for device sky130_fd_pr__pfet_g5v0d10v5
No property sd found for device sky130_fd_pr__pfet_g5v0d10v5
No property nf found for device sky130_fd_pr__pfet_g5v0d10v5
No property nrd found for device sky130_fd_pr__pfet_g5v0d10v5
No property nrs found for device sky130_fd_pr__pfet_g5v0d10v5
No property area found for device sky130_fd_pr__pfet_g5v0d10v5
No property perim found for device sky130_fd_pr__pfet_g5v0d10v5
No property topography found for device sky130_fd_pr__pfet_g5v0d10v5
Model sky130_fd_pr__pfet_g5v0d10v5 pin 1 == 3
No property as found for device sky130_fd_pr__pfet_g5v0d10v5
No property ad found for device sky130_fd_pr__pfet_g5v0d10v5
No property ps found for device sky130_fd_pr__pfet_g5v0d10v5
No property pd found for device sky130_fd_pr__pfet_g5v0d10v5
No property mult found for device sky130_fd_pr__pfet_g5v0d10v5
No property sa found for device sky130_fd_pr__pfet_g5v0d10v5
No property sb found for device sky130_fd_pr__pfet_g5v0d10v5
No property sd found for device sky130_fd_pr__pfet_g5v0d10v5
No property nrd found for device sky130_fd_pr__pfet_g5v0d10v5
No property nrs found for device sky130_fd_pr__pfet_g5v0d10v5
No property area found for device sky130_fd_pr__pfet_g5v0d10v5
No property perim found for device sky130_fd_pr__pfet_g5v0d10v5
No property topography found for device sky130_fd_pr__pfet_g5v0d10v5
Model sky130_fd_pr__special_nfet_01v8 pin 1 == 3
No property mult found for device sky130_fd_pr__special_nfet_01v8
No property sa found for device sky130_fd_pr__special_nfet_01v8
No property sb found for device sky130_fd_pr__special_nfet_01v8
No property sd found for device sky130_fd_pr__special_nfet_01v8
No property nf found for device sky130_fd_pr__special_nfet_01v8
No property nrd found for device sky130_fd_pr__special_nfet_01v8
No property nrs found for device sky130_fd_pr__special_nfet_01v8
No property area found for device sky130_fd_pr__special_nfet_01v8
No property perim found for device sky130_fd_pr__special_nfet_01v8
No property topography found for device sky130_fd_pr__special_nfet_01v8
Model sky130_fd_pr__special_nfet_01v8 pin 1 == 3
No property as found for device sky130_fd_pr__special_nfet_01v8
No property ad found for device sky130_fd_pr__special_nfet_01v8
No property ps found for device sky130_fd_pr__special_nfet_01v8
No property pd found for device sky130_fd_pr__special_nfet_01v8
No property mult found for device sky130_fd_pr__special_nfet_01v8
No property sa found for device sky130_fd_pr__special_nfet_01v8
No property sb found for device sky130_fd_pr__special_nfet_01v8
No property sd found for device sky130_fd_pr__special_nfet_01v8
No property nf found for device sky130_fd_pr__special_nfet_01v8
No property nrd found for device sky130_fd_pr__special_nfet_01v8
No property nrs found for device sky130_fd_pr__special_nfet_01v8
No property area found for device sky130_fd_pr__special_nfet_01v8
No property perim found for device sky130_fd_pr__special_nfet_01v8
No property topography found for device sky130_fd_pr__special_nfet_01v8
Model sky130_fd_pr__special_pfet_01v8_hvt pin 1 == 3
No property as found for device sky130_fd_pr__special_pfet_01v8_hvt
No property ad found for device sky130_fd_pr__special_pfet_01v8_hvt
No property ps found for device sky130_fd_pr__special_pfet_01v8_hvt
No property pd found for device sky130_fd_pr__special_pfet_01v8_hvt
No property mult found for device sky130_fd_pr__special_pfet_01v8_hvt
No property sa found for device sky130_fd_pr__special_pfet_01v8_hvt
No property sb found for device sky130_fd_pr__special_pfet_01v8_hvt
No property sd found for device sky130_fd_pr__special_pfet_01v8_hvt
No property nf found for device sky130_fd_pr__special_pfet_01v8_hvt
No property nrd found for device sky130_fd_pr__special_pfet_01v8_hvt
No property nrs found for device sky130_fd_pr__special_pfet_01v8_hvt
No property area found for device sky130_fd_pr__special_pfet_01v8_hvt
No property perim found for device sky130_fd_pr__special_pfet_01v8_hvt
No property topography found for device sky130_fd_pr__special_pfet_01v8_hvt
No property pj found for device sky130_fd_pr__diode_pw2nd_05v5
No property value found for device sky130_fd_pr__diode_pw2nd_05v5
No property pj found for device sky130_fd_pr__diode_pw2nd_05v5
No property mult found for device sky130_fd_pr__diode_pw2nd_05v5
No property value found for device sky130_fd_pr__diode_pw2nd_05v5
No property mult found for device sky130_fd_pr__diode_pw2nd_05v5
No property pj found for device sky130_fd_pr__diode_pd2nw_05v5
No property value found for device sky130_fd_pr__diode_pd2nw_05v5
No property pj found for device sky130_fd_pr__diode_pd2nw_05v5
No property mult found for device sky130_fd_pr__diode_pd2nw_05v5
No property pj found for device sky130_fd_pr__diode_pd2nw_05v5
No property value found for device sky130_fd_pr__diode_pd2nw_05v5
No property pj found for device sky130_fd_pr__diode_pd2nw_05v5
No property mult found for device sky130_fd_pr__diode_pd2nw_05v5
No property area found for device sky130_fd_pr__cap_mim_m3_1
No property value found for device sky130_fd_pr__cap_mim_m3_1
No property mult found for device sky130_fd_pr__cap_mim_m3_1
No property perim found for device sky130_fd_pr__cap_mim_m3_1
No property mf found for device sky130_fd_pr__cap_mim_m3_1
No property area found for device sky130_fd_pr__cap_mim_m3_1
No property value found for device sky130_fd_pr__cap_mim_m3_1
No property mult found for device sky130_fd_pr__cap_mim_m3_1
No property perim found for device sky130_fd_pr__cap_mim_m3_1
No property mf found for device sky130_fd_pr__cap_mim_m3_1
Comparison output logged to file /home/brady/dev/sky130_be_ip__lsxo/mag/iic-lvs/sky130_be_ip__lsxo.lvs.out
Logging to file "/home/brady/dev/sky130_be_ip__lsxo/mag/iic-lvs/sky130_be_ip__lsxo.lvs.out" enabled
Circuit sky130_fd_pr__pfet_01v8_hvt contains no devices.
Circuit sky130_fd_pr__nfet_01v8 contains no devices.
Circuit sky130_fd_pr__special_nfet_01v8 contains no devices.
Circuit sky130_fd_pr__nfet_g5v0d10v5 contains no devices.
Circuit sky130_fd_pr__pfet_g5v0d10v5 contains no devices.
Circuit sky130_fd_pr__pfet_01v8 contains no devices.
Circuit sky130_fd_pr__cap_mim_m3_1 contains no devices.
Circuit sky130_fd_pr__res_xhigh_po_0p35 contains no devices.
Circuit sky130_fd_pr__diode_pw2nd_05v5 contains no devices.
Circuit sky130_fd_pr__diode_pd2nw_05v5 contains no devices.

Contents of circuit 1:  Circuit: 'sky130_be_ip__lsxo'
Circuit sky130_be_ip__lsxo contains 500 device instances.
  Class: sky130_fd_pr__nfet_01v8 instances: 116
  Class: sky130_fd_pr__cap_mim_m3_1 instances:  55
  Class: sky130_fd_pr__res_xhigh_po_0p35 instances:  70
  Class: sky130_fd_pr__pfet_01v8_hvt instances: 115
  Class: sky130_fd_pr__pfet_01v8 instances:  35
  Class: sky130_fd_pr__nfet_g5v0d10v5 instances:  47
  Class: sky130_fd_pr__diode_pw2nd_05v5 instances:   4
  Class: sky130_fd_pr__diode_pd2nw_05v5 instances:   2
  Class: sky130_fd_pr__pfet_g5v0d10v5 instances:  32
  Class: sky130_fd_pr__special_nfet_01v8 instances:  24
Circuit contains 214 nets.
Contents of circuit 2:  Circuit: 'sky130_be_ip__lsxo'
Circuit sky130_be_ip__lsxo contains 312 device instances.
  Class: sky130_fd_pr__nfet_01v8 instances: 106
  Class: sky130_fd_pr__cap_mim_m3_1 instances:   8
  Class: sky130_fd_pr__res_xhigh_po_0p35 instances:   7
  Class: sky130_fd_pr__pfet_01v8_hvt instances: 115
  Class: sky130_fd_pr__pfet_01v8 instances:  12
  Class: sky130_fd_pr__nfet_g5v0d10v5 instances:  18
  Class: sky130_fd_pr__diode_pw2nd_05v5 instances:   4
  Class: sky130_fd_pr__diode_pd2nw_05v5 instances:   2
  Class: sky130_fd_pr__pfet_g5v0d10v5 instances:  16
  Class: sky130_fd_pr__special_nfet_01v8 instances:  24
Circuit contains 154 nets.

Circuit was modified by parallel/series device merging.
New circuit summary:

Contents of circuit 1:  Circuit: 'sky130_be_ip__lsxo'
Circuit sky130_be_ip__lsxo contains 310 device instances.
  Class: sky130_fd_pr__nfet_01v8 instances: 106
  Class: sky130_fd_pr__cap_mim_m3_1 instances:   8
  Class: sky130_fd_pr__res_xhigh_po_0p35 instances:   5
  Class: sky130_fd_pr__pfet_01v8_hvt instances: 115
  Class: sky130_fd_pr__pfet_01v8 instances:  12
  Class: sky130_fd_pr__nfet_g5v0d10v5 instances:  18
  Class: sky130_fd_pr__diode_pw2nd_05v5 instances:   4
  Class: sky130_fd_pr__diode_pd2nw_05v5 instances:   2
  Class: sky130_fd_pr__pfet_g5v0d10v5 instances:  16
  Class: sky130_fd_pr__special_nfet_01v8 instances:  24
Circuit contains 154 nets.
Contents of circuit 2:  Circuit: 'sky130_be_ip__lsxo'
Circuit sky130_be_ip__lsxo contains 310 device instances.
  Class: sky130_fd_pr__nfet_01v8 instances: 106
  Class: sky130_fd_pr__cap_mim_m3_1 instances:   8
  Class: sky130_fd_pr__res_xhigh_po_0p35 instances:   5
  Class: sky130_fd_pr__pfet_01v8_hvt instances: 115
  Class: sky130_fd_pr__pfet_01v8 instances:  12
  Class: sky130_fd_pr__nfet_g5v0d10v5 instances:  18
  Class: sky130_fd_pr__diode_pw2nd_05v5 instances:   4
  Class: sky130_fd_pr__diode_pd2nw_05v5 instances:   2
  Class: sky130_fd_pr__pfet_g5v0d10v5 instances:  16
  Class: sky130_fd_pr__special_nfet_01v8 instances:  24
Circuit contains 154 nets.

Circuit 1 contains 310 devices, Circuit 2 contains 310 devices.
Circuit 1 contains 154 nets,    Circuit 2 contains 154 nets.

No more changes can be made to series/parallel networks.

Final result: 
Circuits match uniquely.
.
Logging to file "/home/brady/dev/sky130_be_ip__lsxo/mag/iic-lvs/sky130_be_ip__lsxo.lvs.out" disabled
LVS Done.
